<?xml version="1.0" encoding="UTF-8"?>
<!-- Generated by org.testng.reporters.JUnitXMLReporter -->
<testsuite ignored="0" hostname="DESKTOP-TKJE3OB" failures="0" tests="4" name="Default test" time="155.021" errors="0" timestamp="2023-02-13T02:57:31 IST">
  <testcase classname="com.fb.qa.util.Facebook_Sign_In_With_Excel" name="sign_In" time="54.872"/>
  <testcase classname="com.fb.qa.util.Facebook_Sign_In_With_Excel" name="sign_In" time="37.037"/>
  <testcase classname="com.fb.qa.util.Facebook_Sign_In_With_Excel" name="sign_In" time="25.864"/>
  <testcase classname="com.fb.qa.util.Facebook_Sign_In_With_Excel" name="sign_In" time="25.201"/>
</testsuite> <!-- Default test -->
