<?xml version="1.0" encoding="UTF-8"?>
<!-- Generated by org.testng.reporters.JUnitXMLReporter -->
<testsuite ignored="0" hostname="DESKTOP-TKJE3OB" failures="0" tests="9" name="Test" time="111.188" errors="0" timestamp="2023-02-25T23:07:07 IST">
  <testcase classname="com.fb.qa.util.Facebook_Sign_In_With_Excel" name="sign_In_Using_Excel" time="32.624"/>
  <testcase classname="com.fb.qa.util.Facebook_Sign_In_With_Excel" name="sign_In_Using_Excel" time="9.569"/>
  <testcase classname="com.fb.qa.util.Facebook_Sign_In_With_Excel" name="sign_In_Using_Excel" time="13.262"/>
  <testcase classname="com.fb.qa.util.Facebook_Sign_In_With_Excel" name="sign_In_Using_Excel" time="17.042"/>
  <testcase classname="com.fb.qa.util.Read_Excel" name="read_Excel" time="0.114"/>
  <testcase classname="com.fb.qa.util.Read_Excel_Data" name="read_Data" time="0.102"/>
  <testcase classname="com.fb.qa.util.Facebook_Sign_In" name="sign_In" time="11.839"/>
  <testcase classname="com.fb.qa.util.Facebook_Sign_In" name="sign_In" time="12.386"/>
  <testcase classname="com.fb.qa.util.Facebook_Sign_In" name="sign_In" time="12.506"/>
</testsuite> <!-- Test -->
