<?xml version="1.0" encoding="UTF-8"?>
<testng-results ignored="0" total="9" passed="9" failed="0" skipped="0">
  <reporter-output>
  </reporter-output>
  <suite started-at="2023-02-25T23:05:16 IST" name="Suite" finished-at="2023-02-25T23:07:07 IST" duration-ms="111188">
    <groups>
    </groups>
    <test started-at="2023-02-25T23:05:16 IST" name="Test" finished-at="2023-02-25T23:07:07 IST" duration-ms="111188">
      <class name="com.fb.qa.util.Facebook_Sign_In">
        <test-method signature="sign_In(java.lang.String,java.lang.String)[pri:0, instance:com.fb.qa.util.Facebook_Sign_In@2d0566ba]" started-at="2023-02-25T23:06:30 IST" name="sign_In" data-provider="SignInData" finished-at="2023-02-25T23:06:42 IST" duration-ms="11839" status="PASS">
          <params>
            <param index="0">
              <value>
                <![CDATA[Pramod]]>
              </value>
            </param>
            <param index="1">
              <value>
                <![CDATA[Shendage]]>
              </value>
            </param>
          </params>
          <reporter-output>
          </reporter-output>
        </test-method> <!-- sign_In -->
        <test-method is-config="true" signature="tearDown()[pri:0, instance:com.fb.qa.util.Facebook_Sign_In@2d0566ba]" started-at="2023-02-25T23:06:42 IST" name="tearDown" finished-at="2023-02-25T23:06:42 IST" duration-ms="1" status="PASS">
          <reporter-output>
          </reporter-output>
        </test-method> <!-- tearDown -->
        <test-method signature="sign_In(java.lang.String,java.lang.String)[pri:0, instance:com.fb.qa.util.Facebook_Sign_In@2d0566ba]" started-at="2023-02-25T23:06:42 IST" name="sign_In" data-provider="SignInData" finished-at="2023-02-25T23:06:54 IST" duration-ms="12386" status="PASS">
          <params>
            <param index="0">
              <value>
                <![CDATA[Pramod1]]>
              </value>
            </param>
            <param index="1">
              <value>
                <![CDATA[advf]]>
              </value>
            </param>
          </params>
          <reporter-output>
          </reporter-output>
        </test-method> <!-- sign_In -->
        <test-method is-config="true" signature="tearDown()[pri:0, instance:com.fb.qa.util.Facebook_Sign_In@2d0566ba]" started-at="2023-02-25T23:06:54 IST" name="tearDown" finished-at="2023-02-25T23:06:54 IST" duration-ms="1" status="PASS">
          <reporter-output>
          </reporter-output>
        </test-method> <!-- tearDown -->
        <test-method signature="sign_In(java.lang.String,java.lang.String)[pri:0, instance:com.fb.qa.util.Facebook_Sign_In@2d0566ba]" started-at="2023-02-25T23:06:54 IST" name="sign_In" data-provider="SignInData" finished-at="2023-02-25T23:07:07 IST" duration-ms="12506" status="PASS">
          <params>
            <param index="0">
              <value>
                <![CDATA[Pramod2]]>
              </value>
            </param>
            <param index="1">
              <value>
                <![CDATA[errt]]>
              </value>
            </param>
          </params>
          <reporter-output>
          </reporter-output>
        </test-method> <!-- sign_In -->
        <test-method is-config="true" signature="tearDown()[pri:0, instance:com.fb.qa.util.Facebook_Sign_In@2d0566ba]" started-at="2023-02-25T23:07:07 IST" name="tearDown" finished-at="2023-02-25T23:07:07 IST" duration-ms="1" status="PASS">
          <reporter-output>
          </reporter-output>
        </test-method> <!-- tearDown -->
      </class> <!-- com.fb.qa.util.Facebook_Sign_In -->
      <class name="com.fb.qa.util.Facebook_Sign_In_With_Excel">
        <test-method signature="sign_In_Using_Excel(java.lang.String,java.lang.String)[pri:0, instance:com.fb.qa.util.Facebook_Sign_In_With_Excel@51a06cbe]" started-at="2023-02-25T23:05:17 IST" name="sign_In_Using_Excel" data-provider="SignInData" finished-at="2023-02-25T23:05:50 IST" duration-ms="32624" status="PASS">
          <params>
            <param index="0">
              <value>
                <![CDATA[Username]]>
              </value>
            </param>
            <param index="1">
              <value>
                <![CDATA[Password]]>
              </value>
            </param>
          </params>
          <reporter-output>
          </reporter-output>
        </test-method> <!-- sign_In_Using_Excel -->
        <test-method is-config="true" signature="tearDown()[pri:0, instance:com.fb.qa.util.Facebook_Sign_In_With_Excel@51a06cbe]" started-at="2023-02-25T23:05:50 IST" name="tearDown" finished-at="2023-02-25T23:05:50 IST" duration-ms="6" status="PASS">
          <reporter-output>
          </reporter-output>
        </test-method> <!-- tearDown -->
        <test-method signature="sign_In_Using_Excel(java.lang.String,java.lang.String)[pri:0, instance:com.fb.qa.util.Facebook_Sign_In_With_Excel@51a06cbe]" started-at="2023-02-25T23:05:50 IST" name="sign_In_Using_Excel" data-provider="SignInData" finished-at="2023-02-25T23:05:59 IST" duration-ms="9569" status="PASS">
          <params>
            <param index="0">
              <value>
                <![CDATA[Pramod]]>
              </value>
            </param>
            <param index="1">
              <value>
                <![CDATA[Shendage]]>
              </value>
            </param>
          </params>
          <reporter-output>
          </reporter-output>
        </test-method> <!-- sign_In_Using_Excel -->
        <test-method is-config="true" signature="tearDown()[pri:0, instance:com.fb.qa.util.Facebook_Sign_In_With_Excel@51a06cbe]" started-at="2023-02-25T23:05:59 IST" name="tearDown" finished-at="2023-02-25T23:05:59 IST" duration-ms="1" status="PASS">
          <reporter-output>
          </reporter-output>
        </test-method> <!-- tearDown -->
        <test-method signature="sign_In_Using_Excel(java.lang.String,java.lang.String)[pri:0, instance:com.fb.qa.util.Facebook_Sign_In_With_Excel@51a06cbe]" started-at="2023-02-25T23:05:59 IST" name="sign_In_Using_Excel" data-provider="SignInData" finished-at="2023-02-25T23:06:13 IST" duration-ms="13262" status="PASS">
          <params>
            <param index="0">
              <value>
                <![CDATA[Pramod1]]>
              </value>
            </param>
            <param index="1">
              <value>
                <![CDATA[adrgfg]]>
              </value>
            </param>
          </params>
          <reporter-output>
          </reporter-output>
        </test-method> <!-- sign_In_Using_Excel -->
        <test-method is-config="true" signature="tearDown()[pri:0, instance:com.fb.qa.util.Facebook_Sign_In_With_Excel@51a06cbe]" started-at="2023-02-25T23:06:13 IST" name="tearDown" finished-at="2023-02-25T23:06:13 IST" duration-ms="1" status="PASS">
          <reporter-output>
          </reporter-output>
        </test-method> <!-- tearDown -->
        <test-method signature="sign_In_Using_Excel(java.lang.String,java.lang.String)[pri:0, instance:com.fb.qa.util.Facebook_Sign_In_With_Excel@51a06cbe]" started-at="2023-02-25T23:06:13 IST" name="sign_In_Using_Excel" data-provider="SignInData" finished-at="2023-02-25T23:06:30 IST" duration-ms="17042" status="PASS">
          <params>
            <param index="0">
              <value>
                <![CDATA[shendagepramod@gmail.com]]>
              </value>
            </param>
            <param index="1">
              <value>
                <![CDATA[revolution2020@)@)]]>
              </value>
            </param>
          </params>
          <reporter-output>
          </reporter-output>
        </test-method> <!-- sign_In_Using_Excel -->
        <test-method is-config="true" signature="tearDown()[pri:0, instance:com.fb.qa.util.Facebook_Sign_In_With_Excel@51a06cbe]" started-at="2023-02-25T23:06:30 IST" name="tearDown" finished-at="2023-02-25T23:06:30 IST" duration-ms="1" status="PASS">
          <reporter-output>
          </reporter-output>
        </test-method> <!-- tearDown -->
      </class> <!-- com.fb.qa.util.Facebook_Sign_In_With_Excel -->
      <class name="com.fb.qa.util.Read_Excel">
        <test-method signature="read_Excel()[pri:0, instance:com.fb.qa.util.Read_Excel@2a2bb0eb]" started-at="2023-02-25T23:06:30 IST" name="read_Excel" finished-at="2023-02-25T23:06:30 IST" duration-ms="114" status="PASS">
          <reporter-output>
          </reporter-output>
        </test-method> <!-- read_Excel -->
      </class> <!-- com.fb.qa.util.Read_Excel -->
      <class name="com.fb.qa.util.Read_Excel_Data">
        <test-method signature="read_Data()[pri:0, instance:com.fb.qa.util.Read_Excel_Data@3c291aad]" started-at="2023-02-25T23:06:30 IST" name="read_Data" finished-at="2023-02-25T23:06:30 IST" duration-ms="102" status="PASS">
          <reporter-output>
          </reporter-output>
        </test-method> <!-- read_Data -->
      </class> <!-- com.fb.qa.util.Read_Excel_Data -->
    </test> <!-- Test -->
  </suite> <!-- Suite -->
</testng-results>
