<?xml version="1.0" encoding="UTF-8"?>
<testng-results ignored="0" total="4" passed="4" failed="0" skipped="0">
  <reporter-output>
  </reporter-output>
  <suite started-at="2023-02-13T02:54:56 IST" name="Default suite" finished-at="2023-02-13T02:57:31 IST" duration-ms="155021">
    <groups>
    </groups>
    <test started-at="2023-02-13T02:54:56 IST" name="Default test" finished-at="2023-02-13T02:57:31 IST" duration-ms="155021">
      <class name="com.fb.qa.util.Facebook_Sign_In_With_Excel">
        <test-method signature="sign_In(java.lang.String,java.lang.String)[pri:0, instance:com.fb.qa.util.Facebook_Sign_In_With_Excel@d5b810e]" started-at="2023-02-13T02:55:07 IST" name="sign_In" data-provider="SignInData" finished-at="2023-02-13T02:56:02 IST" duration-ms="54872" status="PASS">
          <params>
            <param index="0">
              <value>
                <![CDATA[Username]]>
              </value>
            </param>
            <param index="1">
              <value>
                <![CDATA[Password]]>
              </value>
            </param>
          </params>
          <reporter-output>
          </reporter-output>
        </test-method> <!-- sign_In -->
        <test-method is-config="true" signature="tearDown()[pri:0, instance:com.fb.qa.util.Facebook_Sign_In_With_Excel@d5b810e]" started-at="2023-02-13T02:56:02 IST" name="tearDown" finished-at="2023-02-13T02:56:02 IST" duration-ms="5" status="PASS">
          <reporter-output>
          </reporter-output>
        </test-method> <!-- tearDown -->
        <test-method signature="sign_In(java.lang.String,java.lang.String)[pri:0, instance:com.fb.qa.util.Facebook_Sign_In_With_Excel@d5b810e]" started-at="2023-02-13T02:56:02 IST" name="sign_In" data-provider="SignInData" finished-at="2023-02-13T02:56:39 IST" duration-ms="37037" status="PASS">
          <params>
            <param index="0">
              <value>
                <![CDATA[Pramod]]>
              </value>
            </param>
            <param index="1">
              <value>
                <![CDATA[Shendage]]>
              </value>
            </param>
          </params>
          <reporter-output>
          </reporter-output>
        </test-method> <!-- sign_In -->
        <test-method is-config="true" signature="tearDown()[pri:0, instance:com.fb.qa.util.Facebook_Sign_In_With_Excel@d5b810e]" started-at="2023-02-13T02:56:39 IST" name="tearDown" finished-at="2023-02-13T02:56:39 IST" duration-ms="0" status="PASS">
          <reporter-output>
          </reporter-output>
        </test-method> <!-- tearDown -->
        <test-method signature="sign_In(java.lang.String,java.lang.String)[pri:0, instance:com.fb.qa.util.Facebook_Sign_In_With_Excel@d5b810e]" started-at="2023-02-13T02:56:39 IST" name="sign_In" data-provider="SignInData" finished-at="2023-02-13T02:57:05 IST" duration-ms="25864" status="PASS">
          <params>
            <param index="0">
              <value>
                <![CDATA[Pramod1]]>
              </value>
            </param>
            <param index="1">
              <value>
                <![CDATA[adrgfg]]>
              </value>
            </param>
          </params>
          <reporter-output>
          </reporter-output>
        </test-method> <!-- sign_In -->
        <test-method is-config="true" signature="tearDown()[pri:0, instance:com.fb.qa.util.Facebook_Sign_In_With_Excel@d5b810e]" started-at="2023-02-13T02:57:05 IST" name="tearDown" finished-at="2023-02-13T02:57:05 IST" duration-ms="9" status="PASS">
          <reporter-output>
          </reporter-output>
        </test-method> <!-- tearDown -->
        <test-method signature="sign_In(java.lang.String,java.lang.String)[pri:0, instance:com.fb.qa.util.Facebook_Sign_In_With_Excel@d5b810e]" started-at="2023-02-13T02:57:05 IST" name="sign_In" data-provider="SignInData" finished-at="2023-02-13T02:57:30 IST" duration-ms="25201" status="PASS">
          <params>
            <param index="0">
              <value>
                <![CDATA[Pramod21]]>
              </value>
            </param>
            <param index="1">
              <value>
                <![CDATA[asde45]]>
              </value>
            </param>
          </params>
          <reporter-output>
          </reporter-output>
        </test-method> <!-- sign_In -->
        <test-method is-config="true" signature="tearDown()[pri:0, instance:com.fb.qa.util.Facebook_Sign_In_With_Excel@d5b810e]" started-at="2023-02-13T02:57:31 IST" name="tearDown" finished-at="2023-02-13T02:57:31 IST" duration-ms="1" status="PASS">
          <reporter-output>
          </reporter-output>
        </test-method> <!-- tearDown -->
      </class> <!-- com.fb.qa.util.Facebook_Sign_In_With_Excel -->
    </test> <!-- Default test -->
  </suite> <!-- Default suite -->
</testng-results>
